This file contains any messages produced by compilers while
running configure, to aid debugging if configure makes a mistake.

It was created by minighost configure .01, which was
generated by GNU Autoconf 2.69.  Invocation command line was

  $ ./configure CC=gcc FC=gfortran

## --------- ##
## Platform. ##
## --------- ##

hostname = bowman-lsm1
uname -m = x86_64
uname -r = 3.10.0-229.el7.x86_64
uname -s = Linux
uname -v = #1 SMP Thu Jan 29 18:37:38 EST 2015

/usr/bin/uname -p = x86_64
/bin/uname -X     = unknown

/bin/arch              = x86_64
/usr/bin/arch -k       = unknown
/usr/convex/getsysinfo = unknown
/usr/bin/hostinfo      = unknown
/bin/machine           = unknown
/usr/bin/oslevel       = unknown
/bin/universe          = unknown

PATH: /home/projects/x86-64-knl/openmpi/1.10.6/intel/17.2.174/bin
PATH: /home/projects/x86-64-knl/hwloc/1.11.4/sbin
PATH: /home/projects/x86-64-knl/hwloc/1.11.4/bin
PATH: /home/projects/x86-64-knl/numa/2.0.10/bin
PATH: /home/projects/x86-64-knl/java/oracle/1.7.0.75/bin
PATH: /home/projects/x86-64-knl/intel/compilers/2017/compilers_and_libraries_2017.2.174/linux/bin
PATH: /home/projects/x86-64-knl/intel/compilers/2017/compilers_and_libraries_2017.2.174/linux/mpirt/bin/intel64
PATH: /home/projects/x86-64-knl/intel/compilers/2017/compilers_and_libraries_2017.2.174/linux/bin/intel64
PATH: /home/projects/x86-64-knl/intel/compilers/2017/compilers_and_libraries_2017.2.174/linux/debugger/gui/intel64
PATH: /home/projects/x86-64-knl/intel/compilers/2017/compilers_and_libraries_2017.2.174/linux/bin/intel64_mic
PATH: /home/projects/x86-64-knl/gcc/4.9.3/libexec/gcc/x86_64-unknown-linux-gnu/4.9.3/
PATH: /home/projects/x86-64-knl/gcc/4.9.3/bin
PATH: /home/projects/x86-64-knl/isl/0.14.0/bin
PATH: /home/projects/x86-64-knl/gmp/6.1.0/bin
PATH: /home/projects/x86-64-knl/mpfr/3.1.3/bin
PATH: /home/projects/x86-64-knl/mpc/1.0.3/bin
PATH: /home/projects/x86-64-knl/binutils/2.26.0/bin
PATH: /home/nevans/bin
PATH: /usr/local/bin
PATH: /usr/bin
PATH: /usr/local/sbin
PATH: /usr/sbin


## ----------- ##
## Core tests. ##
## ----------- ##

configure:1876: checking for a BSD-compatible install
configure:1944: result: /usr/bin/install -c
configure:1955: checking whether build environment is sane
configure:2010: result: yes
configure:2161: checking for a thread-safe mkdir -p
configure:2200: result: /usr/bin/mkdir -p
configure:2207: checking for gawk
configure:2223: found /usr/bin/gawk
configure:2234: result: gawk
configure:2245: checking whether make sets $(MAKE)
configure:2267: result: yes
configure:2296: checking whether make supports nested variables
configure:2313: result: yes
configure:2445: checking for gcc
configure:2472: result: gcc
configure:2701: checking for C compiler version
configure:2710: gcc --version >&5
gcc (GCC) 4.9.3
Copyright (C) 2015 Free Software Foundation, Inc.
This is free software; see the source for copying conditions.  There is NO
warranty; not even for MERCHANTABILITY or FITNESS FOR A PARTICULAR PURPOSE.

configure:2721: $? = 0
configure:2710: gcc -v >&5
Using built-in specs.
COLLECT_GCC=gcc
COLLECT_LTO_WRAPPER=/home/projects/x86-64-knl/gcc/4.9.3/libexec/gcc/x86_64-unknown-linux-gnu/4.9.3/lto-wrapper
Target: x86_64-unknown-linux-gnu
Configured with: ./configure --prefix=/home/projects/x86-64-knl/gcc/4.9.3 --with-gmp=/home/projects/x86-64-knl/gmp/6.1.0 --with-mpfr=/home/projects/x86-64-knl/mpfr/3.1.3 --with-mpc=/home/projects/x86-64-knl/mpc/1.0.3 --with-isl=/home/projects/x86-64-knl/isl/0.14.0 --enable-lto --enable-gold --enable-ld --disable-multilib
Thread model: posix
gcc version 4.9.3 (GCC) 
configure:2721: $? = 0
configure:2710: gcc -V >&5
gcc: error: unrecognized command line option '-V'
gcc: fatal error: no input files
compilation terminated.
configure:2721: $? = 1
configure:2710: gcc -qversion >&5
gcc: error: unrecognized command line option '-qversion'
gcc: fatal error: no input files
compilation terminated.
configure:2721: $? = 1
configure:2741: checking whether the C compiler works
configure:2763: gcc    conftest.c  >&5
configure:2767: $? = 0
configure:2815: result: yes
configure:2818: checking for C compiler default output file name
configure:2820: result: a.out
configure:2826: checking for suffix of executables
configure:2833: gcc -o conftest    conftest.c  >&5
configure:2837: $? = 0
configure:2859: result: 
configure:2881: checking whether we are cross compiling
configure:2889: gcc -o conftest    conftest.c  >&5
configure:2893: $? = 0
configure:2900: ./conftest
configure:2904: $? = 0
configure:2919: result: no
configure:2924: checking for suffix of object files
configure:2946: gcc -c   conftest.c >&5
configure:2950: $? = 0
configure:2971: result: o
configure:2975: checking whether we are using the GNU C compiler
configure:2994: gcc -c   conftest.c >&5
configure:2994: $? = 0
configure:3003: result: yes
configure:3012: checking whether gcc accepts -g
configure:3032: gcc -c -g  conftest.c >&5
configure:3032: $? = 0
configure:3073: result: yes
configure:3090: checking for gcc option to accept ISO C89
configure:3153: gcc  -c -g -O2  conftest.c >&5
configure:3153: $? = 0
configure:3166: result: none needed
configure:3197: checking for style of include used by make
configure:3225: result: GNU
configure:3251: checking dependency style of gcc
configure:3362: result: gcc3
configure:3378: checking whether gcc and cc understand -c and -o together
configure:3409: gcc -c conftest.c -o conftest2.o >&5
configure:3413: $? = 0
configure:3419: gcc -c conftest.c -o conftest2.o >&5
configure:3423: $? = 0
configure:3434: cc -c conftest.c >&5
configure:3438: $? = 0
configure:3446: cc -c conftest.c -o conftest2.o >&5
configure:3450: $? = 0
configure:3456: cc -c conftest.c -o conftest2.o >&5
configure:3460: $? = 0
configure:3478: result: yes
configure:3609: checking for Fortran compiler version
configure:3618: gfortran --version >&5
GNU Fortran (GCC) 4.9.3
Copyright (C) 2015 Free Software Foundation, Inc.

GNU Fortran comes with NO WARRANTY, to the extent permitted by law.
You may redistribute copies of GNU Fortran
under the terms of the GNU General Public License.
For more information about these matters, see the file named COPYING

configure:3629: $? = 0
configure:3618: gfortran -v >&5
Using built-in specs.
COLLECT_GCC=gfortran
COLLECT_LTO_WRAPPER=/home/projects/x86-64-knl/gcc/4.9.3/libexec/gcc/x86_64-unknown-linux-gnu/4.9.3/lto-wrapper
Target: x86_64-unknown-linux-gnu
Configured with: ./configure --prefix=/home/projects/x86-64-knl/gcc/4.9.3 --with-gmp=/home/projects/x86-64-knl/gmp/6.1.0 --with-mpfr=/home/projects/x86-64-knl/mpfr/3.1.3 --with-mpc=/home/projects/x86-64-knl/mpc/1.0.3 --with-isl=/home/projects/x86-64-knl/isl/0.14.0 --enable-lto --enable-gold --enable-ld --disable-multilib
Thread model: posix
gcc version 4.9.3 (GCC) 
configure:3629: $? = 0
configure:3618: gfortran -V >&5
gfortran: error: unrecognized command line option '-V'
gfortran: fatal error: no input files
compilation terminated.
configure:3629: $? = 1
configure:3618: gfortran -qversion >&5
gfortran: error: unrecognized command line option '-qversion'
gfortran: fatal error: no input files
compilation terminated.
configure:3629: $? = 1
configure:3638: checking whether we are using the GNU Fortran compiler
configure:3651: gfortran -c   conftest.F >&5
configure:3651: $? = 0
configure:3660: result: yes
configure:3666: checking whether gfortran accepts -g
configure:3677: gfortran -c -g  conftest.f >&5
configure:3677: $? = 0
configure:3685: result: yes
configure:3827: checking that generated files are newer than configure
configure:3833: result: done
configure:3856: creating ./config.status

## ---------------------- ##
## Running config.status. ##
## ---------------------- ##

This file was extended by minighost config.status .01, which was
generated by GNU Autoconf 2.69.  Invocation command line was

  CONFIG_FILES    = 
  CONFIG_HEADERS  = 
  CONFIG_LINKS    = 
  CONFIG_COMMANDS = 
  $ ./config.status 

on bowman-lsm1

config.status:843: creating Makefile
config.status:843: creating ref/Makefile
config.status:843: creating config.h
config.status:1024: config.h is unchanged
config.status:1072: executing depfiles commands

## ---------------- ##
## Cache variables. ##
## ---------------- ##

ac_cv_c_compiler_gnu=yes
ac_cv_env_CC_set=set
ac_cv_env_CC_value=gcc
ac_cv_env_CFLAGS_set=
ac_cv_env_CFLAGS_value=
ac_cv_env_CPPFLAGS_set=
ac_cv_env_CPPFLAGS_value=
ac_cv_env_FCFLAGS_set=
ac_cv_env_FCFLAGS_value=
ac_cv_env_FC_set=set
ac_cv_env_FC_value=gfortran
ac_cv_env_LDFLAGS_set=
ac_cv_env_LDFLAGS_value=
ac_cv_env_LIBS_set=
ac_cv_env_LIBS_value=
ac_cv_env_build_alias_set=
ac_cv_env_build_alias_value=
ac_cv_env_host_alias_set=
ac_cv_env_host_alias_value=
ac_cv_env_target_alias_set=
ac_cv_env_target_alias_value=
ac_cv_fc_compiler_gnu=yes
ac_cv_objext=o
ac_cv_path_install='/usr/bin/install -c'
ac_cv_path_mkdir=/usr/bin/mkdir
ac_cv_prog_AWK=gawk
ac_cv_prog_ac_ct_CC=gcc
ac_cv_prog_cc_c89=
ac_cv_prog_cc_g=yes
ac_cv_prog_cc_gcc_c_o=yes
ac_cv_prog_fc_g=yes
ac_cv_prog_make_make_set=yes
am_cv_CC_dependencies_compiler_type=gcc3
am_cv_make_support_nested_variables=yes

## ----------------- ##
## Output variables. ##
## ----------------- ##

ACLOCAL='${SHELL} /home/nevans/src/miniGhost/missing aclocal-1.13'
AMDEPBACKSLASH='\'
AMDEP_FALSE='#'
AMDEP_TRUE=''
AMTAR='$${TAR-tar}'
AM_BACKSLASH='\'
AM_DEFAULT_V='$(AM_DEFAULT_VERBOSITY)'
AM_DEFAULT_VERBOSITY='1'
AM_V='$(V)'
AUTOCONF='${SHELL} /home/nevans/src/miniGhost/missing autoconf'
AUTOHEADER='${SHELL} /home/nevans/src/miniGhost/missing autoheader'
AUTOMAKE='${SHELL} /home/nevans/src/miniGhost/missing automake-1.13'
AWK='gawk'
CC='gcc'
CCDEPMODE='depmode=gcc3'
CFLAGS='-g -O2'
CPPFLAGS=''
CYGPATH_W='echo'
DEFS='-DHAVE_CONFIG_H'
DEPDIR='.deps'
ECHO_C=''
ECHO_N='-n'
ECHO_T=''
EXEEXT=''
FC='gfortran'
FCFLAGS='-g -O2'
INSTALL_DATA='${INSTALL} -m 644'
INSTALL_PROGRAM='${INSTALL}'
INSTALL_SCRIPT='${INSTALL}'
INSTALL_STRIP_PROGRAM='$(install_sh) -c -s'
LDFLAGS=''
LIBOBJS=''
LIBS=''
LTLIBOBJS=''
MAKEINFO='${SHELL} /home/nevans/src/miniGhost/missing makeinfo'
MKDIR_P='/usr/bin/mkdir -p'
OBJEXT='o'
PACKAGE='minighost'
PACKAGE_BUGREPORT='nevans@sandia.gov'
PACKAGE_NAME='minighost'
PACKAGE_STRING='minighost .01'
PACKAGE_TARNAME='minighost'
PACKAGE_URL=''
PACKAGE_VERSION='.01'
PATH_SEPARATOR=':'
SET_MAKE=''
SHELL='/bin/sh'
STRIP=''
VERSION='.01'
ac_ct_CC='gcc'
ac_ct_FC=''
am__EXEEXT_FALSE=''
am__EXEEXT_TRUE='#'
am__fastdepCC_FALSE='#'
am__fastdepCC_TRUE=''
am__include='include'
am__isrc=''
am__leading_dot='.'
am__nodep='_no'
am__quote=''
am__tar='$${TAR-tar} chof - "$$tardir"'
am__untar='$${TAR-tar} xf -'
bindir='${exec_prefix}/bin'
build_alias=''
datadir='${datarootdir}'
datarootdir='${prefix}/share'
docdir='${datarootdir}/doc/${PACKAGE_TARNAME}'
dvidir='${docdir}'
exec_prefix='${prefix}'
host_alias=''
htmldir='${docdir}'
includedir='${prefix}/include'
infodir='${datarootdir}/info'
install_sh='${SHELL} /home/nevans/src/miniGhost/install-sh'
libdir='${exec_prefix}/lib'
libexecdir='${exec_prefix}/libexec'
localedir='${datarootdir}/locale'
localstatedir='${prefix}/var'
mandir='${datarootdir}/man'
mkdir_p='$(MKDIR_P)'
oldincludedir='/usr/include'
pdfdir='${docdir}'
prefix='/usr/local'
program_transform_name='s,x,x,'
psdir='${docdir}'
sbindir='${exec_prefix}/sbin'
sharedstatedir='${prefix}/com'
sysconfdir='${prefix}/etc'
target_alias=''

## ----------- ##
## confdefs.h. ##
## ----------- ##

/* confdefs.h */
#define PACKAGE_NAME "minighost"
#define PACKAGE_TARNAME "minighost"
#define PACKAGE_VERSION ".01"
#define PACKAGE_STRING "minighost .01"
#define PACKAGE_BUGREPORT "nevans@sandia.gov"
#define PACKAGE_URL ""
#define PACKAGE "minighost"
#define VERSION ".01"

configure: exit 0
